[2018-12-06 19:52:33,260][INFO]: Initialize TestResult dir
[2018-12-06 19:52:33,261][INFO]: Initialize BackupResult and inner dirs
[2018-12-06 19:52:33,267][INFO]: BackupResult E:\Workspace\Projects\WebUIAutoFramework\WebUIAutoFrameworkv_1.1\TestFramework\TestResults\LastResult\Logs
[2018-12-06 19:52:33,272][INFO]: BackupResult E:\Workspace\Projects\WebUIAutoFramework\WebUIAutoFrameworkv_1.1\TestFramework\TestResults\LastResult\Reports
[2018-12-06 19:52:33,274][INFO]: BackupResult E:\Workspace\Projects\WebUIAutoFramework\WebUIAutoFrameworkv_1.1\TestFramework\TestResults\LastResult\Screenshots
[2018-12-06 19:52:33,275][INFO]: Initialize LastResult and inner dirs
[2018-12-06 19:52:33,280][INFO]: Start to test...

[2018-12-06 19:52:33,281][INFO]: ******************************* TestDemo01 >> test_articles_title_# ********************************
[2018-12-06 19:52:33,281][INFO]: ----------------------------------------- TestRunNo: >> 1 ------------------------------------------
[2018-12-06 19:52:33,281][INFO]: param1: param1
[2018-12-06 19:52:33,281][INFO]: param2: param2
[2018-12-06 19:52:33,281][DEBUG]: [Assert]: assertEqual >> ('param1', 'param')
[2018-12-06 19:52:33,281][DEBUG]: [Assert]: assertMultiLineEqual >> ('param1', 'param')
[2018-12-06 19:52:33,281][DEBUG]: [Assert]: assertEqual >> ('param2', 'param')
[2018-12-06 19:52:33,281][DEBUG]: [Assert]: assertMultiLineEqual >> ('param2', 'param')
[2018-12-06 19:52:33,282][INFO]: ------------------------------------------- TestResult: --------------------------------------------
[2018-12-06 19:52:33,282][ERROR]: [TestFail]: AssertionError: param1 != param, AssertionError: param2 != param
[2018-12-06 19:52:33,282][INFO]: ****************************************************************************************************

[2018-12-06 19:52:33,283][INFO]: *************************************** TestDemo01 >> test02 ***************************************
[2018-12-06 19:52:33,283][INFO]: ----------------------------------------- TestRunNo: >> 1 ------------------------------------------
[2018-12-06 19:52:33,283][DEBUG]: [Assert]: assertEqual >> (1, 2)
[2018-12-06 19:52:33,283][INFO]: ------------------------------------------- TestResult: --------------------------------------------
[2018-12-06 19:52:33,283][ERROR]: [TestFail]: AssertionError: 1 != 2
[2018-12-06 19:52:33,284][INFO]: ****************************************************************************************************

[2018-12-06 19:52:33,284][INFO]: Finish testing...
