[2018-12-06 19:15:02,260][INFO]: Initialize TestResult dir
[2018-12-06 19:15:02,261][INFO]: Initialize BackupResult and inner dirs
[2018-12-06 19:15:02,266][INFO]: BackupResult E:\Workspace\Projects\WebUIAutoFramework\TestFramework\TestResults\LastResult\Logs
[2018-12-06 19:15:02,270][INFO]: BackupResult E:\Workspace\Projects\WebUIAutoFramework\TestFramework\TestResults\LastResult\Reports
[2018-12-06 19:15:02,272][INFO]: BackupResult E:\Workspace\Projects\WebUIAutoFramework\TestFramework\TestResults\LastResult\Screenshots
[2018-12-06 19:15:02,273][INFO]: Initialize LastResult and inner dirs
[2018-12-06 19:15:02,288][INFO]: Start to test...

[2018-12-06 19:15:02,288][INFO]: ******************************** TestDemo01 >> test_articles_title *********************************
[2018-12-06 19:15:02,289][INFO]: ----------------------------------------- TestRunNo: >> 1 ------------------------------------------
[2018-12-06 19:15:02,289][INFO]: ----------------------------------------- TestRunNo: >> 2 ------------------------------------------
[2018-12-06 19:15:02,289][INFO]: ----------------------------------------- TestRunNo: >> 3 ------------------------------------------
[2018-12-06 19:15:02,289][INFO]: ------------------------------------------- TestResult: --------------------------------------------
[2018-12-06 19:15:02,290][ERROR]: [TestFail]: TypeError: test_articles_title() missing 2 required positional arguments: 'param1' and 'param2'
[2018-12-06 19:15:02,290][INFO]: ****************************************************************************************************

[2018-12-06 19:15:02,291][INFO]: *************************************** TestDemo01 >> test02 ***************************************
[2018-12-06 19:15:02,291][INFO]: ----------------------------------------- TestRunNo: >> 1 ------------------------------------------
[2018-12-06 19:15:02,292][DEBUG]: [Assert]: assertEqual >> (1, 2)
[2018-12-06 19:15:02,292][INFO]: ----------------------------------------- TestRunNo: >> 2 ------------------------------------------
[2018-12-06 19:15:02,292][DEBUG]: [Assert]: assertEqual >> (1, 2)
[2018-12-06 19:15:02,292][INFO]: ----------------------------------------- TestRunNo: >> 3 ------------------------------------------
[2018-12-06 19:15:02,293][DEBUG]: [Assert]: assertEqual >> (1, 2)
[2018-12-06 19:15:02,293][INFO]: ------------------------------------------- TestResult: --------------------------------------------
[2018-12-06 19:15:02,293][ERROR]: [TestFail]: AssertionError: 1 != 2
[2018-12-06 19:15:02,293][INFO]: ****************************************************************************************************

[2018-12-06 19:15:02,294][INFO]: Finish testing...
