[2018-12-06 19:16:22,712][INFO]: Initialize TestResult dir
[2018-12-06 19:16:22,714][INFO]: Initialize BackupResult and inner dirs
[2018-12-06 19:16:22,720][INFO]: BackupResult E:\Workspace\Projects\WebUIAutoFramework\TestFramework\TestResults\LastResult\Logs
[2018-12-06 19:16:22,725][INFO]: BackupResult E:\Workspace\Projects\WebUIAutoFramework\TestFramework\TestResults\LastResult\Reports
[2018-12-06 19:16:22,727][INFO]: BackupResult E:\Workspace\Projects\WebUIAutoFramework\TestFramework\TestResults\LastResult\Screenshots
[2018-12-06 19:16:22,728][INFO]: Initialize LastResult and inner dirs
[2018-12-06 19:16:22,739][INFO]: Start to test...

[2018-12-06 19:16:22,740][INFO]: ******************************** TestDemo01 >> test_articles_title *********************************
[2018-12-06 19:16:22,740][INFO]: ----------------------------------------- TestRunNo: >> 1 ------------------------------------------
[2018-12-06 19:16:22,740][INFO]: ----------------------------------------- TestRunNo: >> 2 ------------------------------------------
[2018-12-06 19:16:22,740][INFO]: ----------------------------------------- TestRunNo: >> 3 ------------------------------------------
[2018-12-06 19:16:22,741][INFO]: ------------------------------------------- TestResult: --------------------------------------------
[2018-12-06 19:16:22,741][ERROR]: [TestFail]: TypeError: test_articles_title() missing 2 required positional arguments: 'param1' and 'param2'
[2018-12-06 19:16:22,741][INFO]: ****************************************************************************************************

[2018-12-06 19:16:22,743][INFO]: *************************************** TestDemo01 >> test02 ***************************************
[2018-12-06 19:16:22,743][INFO]: ----------------------------------------- TestRunNo: >> 1 ------------------------------------------
[2018-12-06 19:16:22,743][DEBUG]: [Assert]: assertEqual >> (1, 2)
[2018-12-06 19:16:22,744][INFO]: ----------------------------------------- TestRunNo: >> 2 ------------------------------------------
[2018-12-06 19:16:22,745][DEBUG]: [Assert]: assertEqual >> (1, 2)
[2018-12-06 19:16:22,745][INFO]: ----------------------------------------- TestRunNo: >> 3 ------------------------------------------
[2018-12-06 19:16:22,745][DEBUG]: [Assert]: assertEqual >> (1, 2)
[2018-12-06 19:16:22,745][INFO]: ------------------------------------------- TestResult: --------------------------------------------
[2018-12-06 19:16:22,746][ERROR]: [TestFail]: AssertionError: 1 != 2
[2018-12-06 19:16:22,746][INFO]: ****************************************************************************************************

[2018-12-06 19:16:22,747][INFO]: Finish testing...
